<html>
<head>
<title>TestNG:  Test</title>
<link href="../testng.css" rel="stylesheet" type="text/css" />
<link href="../my-testng.css" rel="stylesheet" type="text/css" />

<style type="text/css">
.log { display: none;} 
.stack-trace { display: none;} 
</style>
<script type="text/javascript">
<!--
function flip(e) {
  current = e.style.display;
  if (current == 'block') {
    e.style.display = 'none';
    return 0;
  }
  else {
    e.style.display = 'block';
    return 1;
  }
}

function toggleBox(szDivId, elem, msg1, msg2)
{
  var res = -1;  if (document.getElementById) {
    res = flip(document.getElementById(szDivId));
  }
  else if (document.all) {
    // this is the way old msie versions work
    res = flip(document.all[szDivId]);
  }
  if(elem) {
    if(res == 0) elem.innerHTML = msg1; else elem.innerHTML = msg2;
  }

}

function toggleAllBoxes() {
  if (document.getElementsByTagName) {
    d = document.getElementsByTagName('div');
    for (i = 0; i < d.length; i++) {
      if (d[i].className == 'log') {
        flip(d[i]);
      }
    }
  }
}

// -->
</script>

</head>
<body>
<h2 align='center'>Test</h2><table border='1' align="center">
<tr>
<td>Tests passed/Failed/Skipped:</td><td>24/2/0</td>
</tr><tr>
<td>Started on:</td><td>Thu Oct 25 11:28:20 CDT 2018</td>
</tr>
<tr><td>Total time:</td><td>0 seconds (322 ms)</td>
</tr><tr>
<td>Included groups:</td><td></td>
</tr><tr>
<td>Excluded groups:</td><td></td>
</tr>
</table><p/>
<small><i>(Hover the method name to see the test class name)</i></small><p/>
<table width='100%' border='1' class='invocation-failed'>
<tr><td colspan='4' align='center'><b>FAILED TESTS</b></td></tr>
<tr><td><b>Test method</b></td>
<td width="30%"><b>Exception</b></td>
<td width="10%"><b>Time (seconds)</b></td>
<td><b>Instance</b></td>
</tr>
<tr>
<td title='udemy.testNG.listeners.AssertionExample.assertion()'><b>assertion</b><br>Test class: udemy.testNG.listeners.AssertionExample</td>
<td><div><pre>java.lang.AssertionError: expected [true] but found [false]
	at udemy.testNG.listeners.AssertionExample.assertion(AssertionExample.java:11)
... Removed 29 stack frames</pre></div><a href='#' onClick='toggleBox("stack-trace540642172", this, "Click to show all stack frames", "Click to hide stack frames")'>Click to show all stack frames</a>
<div class='stack-trace' id='stack-trace540642172'><pre>java.lang.AssertionError: expected [true] but found [false]
	at org.testng.Assert.fail(Assert.java:93)
	at org.testng.Assert.failNotEquals(Assert.java:512)
	at org.testng.Assert.assertTrue(Assert.java:41)
	at org.testng.Assert.assertTrue(Assert.java:51)
	at udemy.testNG.listeners.AssertionExample.assertion(AssertionExample.java:11)
	at sun.reflect.NativeMethodAccessorImpl.invoke0(Native Method)
	at sun.reflect.NativeMethodAccessorImpl.invoke(NativeMethodAccessorImpl.java:62)
	at sun.reflect.DelegatingMethodAccessorImpl.invoke(DelegatingMethodAccessorImpl.java:43)
	at java.lang.reflect.Method.invoke(Method.java:498)
	at org.testng.internal.MethodInvocationHelper.invokeMethod(MethodInvocationHelper.java:108)
	at org.testng.internal.Invoker.invokeMethod(Invoker.java:669)
	at org.testng.internal.Invoker.invokeTestMethod(Invoker.java:877)
	at org.testng.internal.Invoker.invokeTestMethods(Invoker.java:1201)
	at org.testng.internal.TestMethodWorker.invokeTestMethods(TestMethodWorker.java:125)
	at org.testng.internal.TestMethodWorker.run(TestMethodWorker.java:109)
	at org.testng.TestRunner.privateRun(TestRunner.java:776)
	at org.testng.TestRunner.run(TestRunner.java:634)
	at org.testng.SuiteRunner.runTest(SuiteRunner.java:425)
	at org.testng.SuiteRunner.runSequentially(SuiteRunner.java:420)
	at org.testng.SuiteRunner.privateRun(SuiteRunner.java:385)
	at org.testng.SuiteRunner.run(SuiteRunner.java:334)
	at org.testng.SuiteRunnerWorker.runSuite(SuiteRunnerWorker.java:52)
	at org.testng.SuiteRunnerWorker.run(SuiteRunnerWorker.java:86)
	at org.testng.TestNG.runSuitesSequentially(TestNG.java:1318)
	at org.testng.TestNG.runSuitesLocally(TestNG.java:1243)
	at org.testng.TestNG.runSuites(TestNG.java:1161)
	at org.testng.TestNG.run(TestNG.java:1129)
	at org.testng.remote.AbstractRemoteTestNG.run(AbstractRemoteTestNG.java:114)
	at org.testng.remote.RemoteTestNG.initAndRun(RemoteTestNG.java:251)
	at org.testng.remote.RemoteTestNG.main(RemoteTestNG.java:77)
</pre></div></td>
<td>0</td>
<td>udemy.testNG.listeners.AssertionExample@6d00a15d</td></tr>
<tr>
<td title='udemy.testNG.parameters.ParametersExample.dataParameter()'><b>dataParameter</b><br>Test class: udemy.testNG.parameters.ParametersExample</td>
<td><div><pre>org.testng.TestNGException: 
Parameter &apos;DATA&apos; is required by @Test on method dataParameter but has not been marked @Optional or defined
in G:\SeleniumWorkspace_Neon\TestNGProject\testng4.xml
... Removed 24 stack frames</pre></div><a href='#' onClick='toggleBox("stack-trace215145189", this, "Click to show all stack frames", "Click to hide stack frames")'>Click to show all stack frames</a>
<div class='stack-trace' id='stack-trace215145189'><pre>org.testng.TestNGException: 
Parameter &apos;DATA&apos; is required by @Test on method dataParameter but has not been marked @Optional or defined
in G:\SeleniumWorkspace_Neon\TestNGProject\testng4.xml
	at org.testng.internal.Parameters.createParams(Parameters.java:248)
	at org.testng.internal.Parameters.createParametersForMethod(Parameters.java:286)
	at org.testng.internal.Parameters.createParameters(Parameters.java:547)
	at org.testng.internal.Parameters.handleParameters(Parameters.java:672)
	at org.testng.internal.Invoker.handleParameters(Invoker.java:1316)
	at org.testng.internal.Invoker.createParameters(Invoker.java:1044)
	at org.testng.internal.Invoker.invokeTestMethods(Invoker.java:1134)
	at org.testng.internal.TestMethodWorker.invokeTestMethods(TestMethodWorker.java:125)
	at org.testng.internal.TestMethodWorker.run(TestMethodWorker.java:109)
	at org.testng.TestRunner.privateRun(TestRunner.java:776)
	at org.testng.TestRunner.run(TestRunner.java:634)
	at org.testng.SuiteRunner.runTest(SuiteRunner.java:425)
	at org.testng.SuiteRunner.runSequentially(SuiteRunner.java:420)
	at org.testng.SuiteRunner.privateRun(SuiteRunner.java:385)
	at org.testng.SuiteRunner.run(SuiteRunner.java:334)
	at org.testng.SuiteRunnerWorker.runSuite(SuiteRunnerWorker.java:52)
	at org.testng.SuiteRunnerWorker.run(SuiteRunnerWorker.java:86)
	at org.testng.TestNG.runSuitesSequentially(TestNG.java:1318)
	at org.testng.TestNG.runSuitesLocally(TestNG.java:1243)
	at org.testng.TestNG.runSuites(TestNG.java:1161)
	at org.testng.TestNG.run(TestNG.java:1129)
	at org.testng.remote.AbstractRemoteTestNG.run(AbstractRemoteTestNG.java:114)
	at org.testng.remote.RemoteTestNG.initAndRun(RemoteTestNG.java:251)
	at org.testng.remote.RemoteTestNG.main(RemoteTestNG.java:77)
</pre></div></td>
<td>0</td>
<td>udemy.testNG.parameters.ParametersExample@735b5592</td></tr>
</table><p>
<table width='100%' border='1' class='invocation-passed'>
<tr><td colspan='4' align='center'><b>PASSED TESTS</b></td></tr>
<tr><td><b>Test method</b></td>
<td width="30%"><b>Exception</b></td>
<td width="10%"><b>Time (seconds)</b></td>
<td><b>Instance</b></td>
</tr>
<tr>
<td title='udemy.testNG.loans.AmexLoans.amexCarLoan()'><b>amexCarLoan</b><br>Test class: udemy.testNG.loans.AmexLoans</td>
<td></td>
<td>0</td>
<td>udemy.testNG.loans.AmexLoans@9629756</td></tr>
<tr>
<td title='udemy.testNG.loans.AmexLoans.amexHomeLoan()'><b>amexHomeLoan</b><br>Test class: udemy.testNG.loans.AmexLoans</td>
<td></td>
<td>0</td>
<td>udemy.testNG.loans.AmexLoans@9629756</td></tr>
<tr>
<td title='udemy.testNG.loans.AmexLoans.amexPersonalLoan()'><b>amexPersonalLoan</b><br>Test class: udemy.testNG.loans.AmexLoans</td>
<td></td>
<td>0</td>
<td>udemy.testNG.loans.AmexLoans@9629756</td></tr>
<tr>
<td title='udemy.testNG.loans.BofALoans.bofaCarLoan()'><b>bofaCarLoan</b><br>Test class: udemy.testNG.loans.BofALoans</td>
<td></td>
<td>0</td>
<td>udemy.testNG.loans.BofALoans@51efea79</td></tr>
<tr>
<td title='udemy.testNG.loans.BofALoans.bofaHomeLoan()'><b>bofaHomeLoan</b><br>Test class: udemy.testNG.loans.BofALoans</td>
<td></td>
<td>0</td>
<td>udemy.testNG.loans.BofALoans@51efea79</td></tr>
<tr>
<td title='udemy.testNG.loans.BofALoans.bofaPersonalLoan()'><b>bofaPersonalLoan</b><br>Test class: udemy.testNG.loans.BofALoans</td>
<td></td>
<td>0</td>
<td>udemy.testNG.loans.BofALoans@51efea79</td></tr>
<tr>
<td title='udemy.testNG.days.Day1.day1afternoon()'><b>day1afternoon</b><br>Test class: udemy.testNG.days.Day1</td>
<td></td>
<td>0</td>
<td>udemy.testNG.days.Day1@36d4b5c</td></tr>
<tr>
<td title='udemy.testNG.days.Day1.day1moring()'><b>day1moring</b><br>Test class: udemy.testNG.days.Day1</td>
<td></td>
<td>0</td>
<td>udemy.testNG.days.Day1@36d4b5c</td></tr>
<tr>
<td title='udemy.testNG.days.Day1.day1night()'><b>day1night</b><br>Test class: udemy.testNG.days.Day1</td>
<td></td>
<td>0</td>
<td>udemy.testNG.days.Day1@36d4b5c</td></tr>
<tr>
<td title='udemy.testNG.days.Day2.day2afternoon()'><b>day2afternoon</b><br>Test class: udemy.testNG.days.Day2</td>
<td></td>
<td>0</td>
<td>udemy.testNG.days.Day2@7f9a81e8</td></tr>
<tr>
<td title='udemy.testNG.days.Day2.day2moring()'><b>day2moring</b><br>Test class: udemy.testNG.days.Day2</td>
<td></td>
<td>0</td>
<td>udemy.testNG.days.Day2@7f9a81e8</td></tr>
<tr>
<td title='udemy.testNG.days.Day2.day2night()'><b>day2night</b><br>Test class: udemy.testNG.days.Day2</td>
<td></td>
<td>0</td>
<td>udemy.testNG.days.Day2@7f9a81e8</td></tr>
<tr>
<td title='udemy.testNG.days.Day3.day3afternoon()'><b>day3afternoon</b><br>Test class: udemy.testNG.days.Day3</td>
<td></td>
<td>0</td>
<td>udemy.testNG.days.Day3@51081592</td></tr>
<tr>
<td title='udemy.testNG.days.Day3.day3moring()'><b>day3moring</b><br>Test class: udemy.testNG.days.Day3</td>
<td></td>
<td>0</td>
<td>udemy.testNG.days.Day3@51081592</td></tr>
<tr>
<td title='udemy.testNG.days.Day3.day3night()'><b>day3night</b><br>Test class: udemy.testNG.days.Day3</td>
<td></td>
<td>0</td>
<td>udemy.testNG.days.Day3@51081592</td></tr>
<tr>
<td title='udemy.testNG.loans.DCULoans.dcuCarLoan()'><b>dcuCarLoan</b><br>Test class: udemy.testNG.loans.DCULoans</td>
<td></td>
<td>0</td>
<td>udemy.testNG.loans.DCULoans@5034c75a</td></tr>
<tr>
<td title='udemy.testNG.loans.DCULoans.dcuHomeLoan()'><b>dcuHomeLoan</b><br>Test class: udemy.testNG.loans.DCULoans</td>
<td></td>
<td>0</td>
<td>udemy.testNG.loans.DCULoans@5034c75a</td></tr>
<tr>
<td title='udemy.testNG.loans.DCULoans.dcuPersonalLoan()'><b>dcuPersonalLoan</b><br>Test class: udemy.testNG.loans.DCULoans</td>
<td></td>
<td>0</td>
<td>udemy.testNG.loans.DCULoans@5034c75a</td></tr>
<tr>
<td title='udemy.testNG.parameters.ParametersExample.driveData()'><b>driveData</b><br>Test class: udemy.testNG.parameters.ParametersExample</td>
<td></td>
<td>0</td>
<td>udemy.testNG.parameters.ParametersExample@735b5592</td></tr>
<tr>
<td title='udemy.testNG.loans.LendingTree.lendingTreeCarLoan()'><b>lendingTreeCarLoan</b><br>Test class: udemy.testNG.loans.LendingTree</td>
<td></td>
<td>0</td>
<td>udemy.testNG.loans.LendingTree@396a51ab</td></tr>
<tr>
<td title='udemy.testNG.loans.LendingTree.lendingTreeHomeLoan()'><b>lendingTreeHomeLoan</b><br>Test class: udemy.testNG.loans.LendingTree</td>
<td></td>
<td>0</td>
<td>udemy.testNG.loans.LendingTree@396a51ab</td></tr>
<tr>
<td title='udemy.testNG.loans.LendingTree.lendingTreePersonalLoan()'><b>lendingTreePersonalLoan</b><br>Test class: udemy.testNG.loans.LendingTree</td>
<td></td>
<td>0</td>
<td>udemy.testNG.loans.LendingTree@396a51ab</td></tr>
<tr>
<td title='udemy.testNG.parameters.DataProviderParameter.receiveData()'><b>receiveData</b><br>Test class: udemy.testNG.parameters.DataProviderParameter<br>Parameters: 01, Vivek, Kvivek0766</td>
<td></td>
<td>0</td>
<td>udemy.testNG.parameters.DataProviderParameter@62ee68d8</td></tr>
<tr>
<td title='udemy.testNG.parameters.DataProviderParameter.receiveData()'><b>receiveData</b><br>Test class: udemy.testNG.parameters.DataProviderParameter<br>Parameters: 02, Satish, SattiReddy</td>
<td></td>
<td>0</td>
<td>udemy.testNG.parameters.DataProviderParameter@62ee68d8</td></tr>
</table><p>
</body>
</html>