<?xml version="1.0" encoding="UTF-8"?>
<!-- Generated by org.testng.reporters.JUnitXMLReporter -->
<testsuite hostname="Vivekreddy" ignored="0" name="Test" tests="26" failures="2" timestamp="25 Oct 2018 16:28:20 GMT" time="0.322" errors="0">
  <testcase name="assertion" time="0.018" classname="udemy.testNG.listeners.AssertionExample">
    <failure type="java.lang.AssertionError" message="expected [true] but found [false]">
      <![CDATA[java.lang.AssertionError: expected [true] but found [false]
	at udemy.testNG.listeners.AssertionExample.assertion(AssertionExample.java:11)
... Removed 29 stack frames]]>
    </failure>
  </testcase> <!-- assertion -->
  <testcase name="bofaCarLoan" time="0.003" classname="udemy.testNG.loans.BofALoans"/>
  <testcase name="bofaHomeLoan" time="0.004" classname="udemy.testNG.loans.BofALoans"/>
  <testcase name="bofaPersonalLoan" time="0.003" classname="udemy.testNG.loans.BofALoans"/>
  <testcase name="day1afternoon" time="0.004" classname="udemy.testNG.days.Day1"/>
  <testcase name="day1moring" time="0.005" classname="udemy.testNG.days.Day1"/>
  <testcase name="day1night" time="0.004" classname="udemy.testNG.days.Day1"/>
  <testcase name="dcuCarLoan" time="0.004" classname="udemy.testNG.loans.DCULoans"/>
  <testcase name="dcuHomeLoan" time="0.004" classname="udemy.testNG.loans.DCULoans"/>
  <testcase name="dcuPersonalLoan" time="0.002" classname="udemy.testNG.loans.DCULoans"/>
  <testcase name="lendingTreeCarLoan" time="0.003" classname="udemy.testNG.loans.LendingTree"/>
  <testcase name="lendingTreeHomeLoan" time="0.003" classname="udemy.testNG.loans.LendingTree"/>
  <testcase name="lendingTreePersonalLoan" time="0.005" classname="udemy.testNG.loans.LendingTree"/>
  <testcase name="day3moring" time="0.004" classname="udemy.testNG.days.Day3"/>
  <testcase name="day3night" time="0.006" classname="udemy.testNG.days.Day3"/>
  <testcase name="day3afternoon" time="0.002" classname="udemy.testNG.days.Day3"/>
  <testcase name="day2afternoon" time="0.002" classname="udemy.testNG.days.Day2"/>
  <testcase name="day2moring" time="0.004" classname="udemy.testNG.days.Day2"/>
  <testcase name="day2night" time="0.003" classname="udemy.testNG.days.Day2"/>
  <testcase name="amexCarLoan" time="0.002" classname="udemy.testNG.loans.AmexLoans"/>
  <testcase name="amexHomeLoan" time="0.002" classname="udemy.testNG.loans.AmexLoans"/>
  <testcase name="amexPersonalLoan" time="0.003" classname="udemy.testNG.loans.AmexLoans"/>
  <testcase name="receiveData" time="0.003" classname="udemy.testNG.parameters.DataProviderParameter"/>
  <testcase name="receiveData" time="0.003" classname="udemy.testNG.parameters.DataProviderParameter"/>
  <testcase name="dataParameter" time="0.008" classname="udemy.testNG.parameters.ParametersExample">
    <failure type="org.testng.TestNGException" message="
Parameter &amp;apos;DATA&amp;apos; is required by @Test on method dataParameter but has not been marked @Optional or defined
in G:\SeleniumWorkspace_Neon\TestNGProject\testng4.xml">
      <![CDATA[org.testng.TestNGException: 
Parameter 'DATA' is required by @Test on method dataParameter but has not been marked @Optional or defined
in G:\SeleniumWorkspace_Neon\TestNGProject\testng4.xml
... Removed 24 stack frames]]>
    </failure>
  </testcase> <!-- dataParameter -->
  <testcase name="driveData" time="0.002" classname="udemy.testNG.parameters.ParametersExample"/>
</testsuite> <!-- Test -->
